Using pre-set license
Built from '2021.3/staging' branch; Version is '2021.3.26f1 (a16dc32e0ff2) revision 10579395'; Using compiler version '192829333'; Build Type 'Release'
OS: 'Windows 11  (10.0.22621) 64bit Core' Language: 'ko' Physical Memory: 16049 MB
BatchMode: 1, IsHumanControllingUs: 0, StartBugReporterOnCrash: 0, Is64bit: 1, IsPro: 1

COMMAND LINE ARGUMENTS:
C:\Program Files\Unity\Hub\Editor\2021.3.26f1\Editor\Unity.exe
-adb2
-batchMode
-noUpm
-name
AssetImportWorker0
-projectPath
D:/Projects/Hell-Divers/My project
-logFile
Logs/AssetImportWorker0.log
-srvPort
50438
Successfully changed project path to: D:/Projects/Hell-Divers/My project
D:/Projects/Hell-Divers/My project
[UnityMemory] Configuration Parameters - Can be set up in boot.config
    "memorysetup-bucket-allocator-granularity=16"
    "memorysetup-bucket-allocator-bucket-count=8"
    "memorysetup-bucket-allocator-block-size=33554432"
    "memorysetup-bucket-allocator-block-count=8"
    "memorysetup-main-allocator-block-size=16777216"
    "memorysetup-thread-allocator-block-size=16777216"
    "memorysetup-gfx-main-allocator-block-size=16777216"
    "memorysetup-gfx-thread-allocator-block-size=16777216"
    "memorysetup-cache-allocator-block-size=4194304"
    "memorysetup-typetree-allocator-block-size=2097152"
    "memorysetup-profiler-bucket-allocator-granularity=16"
    "memorysetup-profiler-bucket-allocator-bucket-count=8"
    "memorysetup-profiler-bucket-allocator-block-size=33554432"
    "memorysetup-profiler-bucket-allocator-block-count=8"
    "memorysetup-profiler-allocator-block-size=16777216"
    "memorysetup-profiler-editor-allocator-block-size=1048576"
    "memorysetup-temp-allocator-size-main=16777216"
    "memorysetup-job-temp-allocator-block-size=2097152"
    "memorysetup-job-temp-allocator-block-size-background=1048576"
    "memorysetup-job-temp-allocator-reduction-small-platforms=262144"
    "memorysetup-temp-allocator-size-background-worker=32768"
    "memorysetup-temp-allocator-size-job-worker=262144"
    "memorysetup-temp-allocator-size-preload-manager=33554432"
    "memorysetup-temp-allocator-size-nav-mesh-worker=65536"
    "memorysetup-temp-allocator-size-audio-worker=65536"
    "memorysetup-temp-allocator-size-cloud-worker=32768"
    "memorysetup-temp-allocator-size-gi-baking-worker=262144"
    "memorysetup-temp-allocator-size-gfx=262144"
Player connection [3976] Host "[IP] 192.168.0.60 [Port] 0 [Flags] 2 [Guid] 3283526359 [EditorId] 3283526359 [Version] 1048832 [Id] WindowsEditor(7,DESKTOP-G4U9APQ) [Debug] 1 [PackageName] WindowsEditor [ProjectName] Editor" joined multi-casting on [225.0.0.222:54997]...

Player connection [3976] Host "[IP] 192.168.0.60 [Port] 0 [Flags] 2 [Guid] 3283526359 [EditorId] 3283526359 [Version] 1048832 [Id] WindowsEditor(7,DESKTOP-G4U9APQ) [Debug] 1 [PackageName] WindowsEditor [ProjectName] Editor" joined alternative multi-casting on [225.0.0.222:34997]...

Refreshing native plugins compatible for Editor in 67.01 ms, found 3 plugins.
Preloading 0 native plugins for Editor in 0.00 ms.
Initialize engine version: 2021.3.26f1 (a16dc32e0ff2)
[Subsystems] Discovering subsystems at path C:/Program Files/Unity/Hub/Editor/2021.3.26f1/Editor/Data/Resources/UnitySubsystems
[Subsystems] Discovering subsystems at path D:/Projects/Hell-Divers/My project/Assets
GfxDevice: creating device client; threaded=0; jobified=0
Direct3D:
    Version:  Direct3D 11.0 [level 11.1]
    Renderer: NVIDIA GeForce RTX 3060 Laptop GPU (ID=0x2520)
    Vendor:   NVIDIA
    VRAM:     6023 MB
    Driver:   30.0.15.1278
Initialize mono
Mono path[0] = 'C:/Program Files/Unity/Hub/Editor/2021.3.26f1/Editor/Data/Managed'
Mono path[1] = 'C:/Program Files/Unity/Hub/Editor/2021.3.26f1/Editor/Data/MonoBleedingEdge/lib/mono/unityjit-win32'
Mono config path = 'C:/Program Files/Unity/Hub/Editor/2021.3.26f1/Editor/Data/MonoBleedingEdge/etc'
Using monoOptions --debugger-agent=transport=dt_socket,embedding=1,server=y,suspend=n,address=127.0.0.1:56080
Begin MonoManager ReloadAssembly
Registering precompiled unity dll's ...
Register platform support module: C:/Program Files/Unity/Hub/Editor/2021.3.26f1/Editor/Data/PlaybackEngines/WindowsStandaloneSupport/UnityEditor.WindowsStandalone.Extensions.dll
Registered in 0.003348 seconds.
Native extension for WindowsStandalone target not found
Refreshing native plugins compatible for Editor in 56.57 ms, found 3 plugins.
Preloading 0 native plugins for Editor in 0.00 ms.
Mono: successfully reloaded assembly
- Completed reload, in  0.555 seconds
Domain Reload Profiling:
	ReloadAssembly (555ms)
		BeginReloadAssembly (77ms)
			ExecutionOrderSort (0ms)
			DisableScriptedObjects (0ms)
			BackupInstance (0ms)
			ReleaseScriptingObjects (0ms)
			CreateAndSetChildDomain (1ms)
		EndReloadAssembly (394ms)
			LoadAssemblies (75ms)
			RebuildTransferFunctionScriptingTraits (0ms)
			SetupTypeCache (88ms)
			ReleaseScriptCaches (0ms)
			RebuildScriptCaches (27ms)
			SetupLoadedEditorAssemblies (234ms)
				LogAssemblyErrors (0ms)
				InitializePlatformSupportModulesInManaged (7ms)
				SetLoadedEditorAssemblies (0ms)
				RefreshPlugins (57ms)
				BeforeProcessingInitializeOnLoad (1ms)
				ProcessInitializeOnLoadAttributes (123ms)
				ProcessInitializeOnLoadMethodAttributes (45ms)
				AfterProcessingInitializeOnLoad (0ms)
				EditorAssembliesLoaded (0ms)
			ExecutionOrderSort2 (0ms)
			AwakeInstancesAfterBackupRestoration (0ms)
Platform modules already initialized, skipping
Registering precompiled user dll's ...
Registered in 0.003619 seconds.
Begin MonoManager ReloadAssembly
Symbol file LoadedFromMemory doesn't match image D:\Projects\Hell-Divers\My project\Library\PackageCache\com.unity.visualscripting@1.8.0\Editor\VisualScripting.Core\Dependencies\YamlDotNet\Unity.VisualScripting.YamlDotNet.dll
Symbol file LoadedFromMemory doesn't match image D:\Projects\Hell-Divers\My project\Library\PackageCache\com.unity.visualscripting@1.8.0\Editor\VisualScripting.Core\Dependencies\DotNetZip\Unity.VisualScripting.IonicZip.dll
Native extension for WindowsStandalone target not found
Refreshing native plugins compatible for Editor in 0.63 ms, found 3 plugins.
Preloading 0 native plugins for Editor in 0.00 ms.
Mono: successfully reloaded assembly
- Completed reload, in  0.962 seconds
Domain Reload Profiling:
	ReloadAssembly (963ms)
		BeginReloadAssembly (110ms)
			ExecutionOrderSort (0ms)
			DisableScriptedObjects (5ms)
			BackupInstance (0ms)
			ReleaseScriptingObjects (0ms)
			CreateAndSetChildDomain (20ms)
		EndReloadAssembly (762ms)
			LoadAssemblies (78ms)
			RebuildTransferFunctionScriptingTraits (0ms)
			SetupTypeCache (236ms)
			ReleaseScriptCaches (1ms)
			RebuildScriptCaches (59ms)
			SetupLoadedEditorAssemblies (338ms)
				LogAssemblyErrors (0ms)
				InitializePlatformSupportModulesInManaged (7ms)
				SetLoadedEditorAssemblies (1ms)
				RefreshPlugins (1ms)
				BeforeProcessingInitializeOnLoad (73ms)
				ProcessInitializeOnLoadAttributes (230ms)
				ProcessInitializeOnLoadMethodAttributes (21ms)
				AfterProcessingInitializeOnLoad (6ms)
				EditorAssembliesLoaded (0ms)
			ExecutionOrderSort2 (0ms)
			AwakeInstancesAfterBackupRestoration (5ms)
Platform modules already initialized, skipping
========================================================================
Worker process is ready to serve import requests
Launched and connected shader compiler UnityShaderCompiler.exe after 0.07 seconds
Refreshing native plugins compatible for Editor in 0.55 ms, found 3 plugins.
Preloading 0 native plugins for Editor in 0.00 ms.
Unloading 3063 Unused Serialized files (Serialized files now loaded: 0)
Unloading 26 unused Assets / (56.5 KB). Loaded Objects now: 3521.
Memory consumption went from 108.5 MB to 108.4 MB.
Total: 3.798800 ms (FindLiveObjects: 0.238500 ms CreateObjectMapping: 0.117800 ms MarkObjects: 3.351400 ms  DeleteObjects: 0.089700 ms)

AssetImportParameters requested are different than current active one (requested -> active):
  custom:video-decoder-ogg-theora: a1e56fd34408186e4bbccfd4996cb3dc -> 
  custom:container-muxer-webm: aa71ff27fc2769a1b78a27578f13a17b -> 
  custom:container-demuxer-webm: 4f35f7cbe854078d1ac9338744f61a02 -> 
  custom:video-encoder-webm-vp8: eb34c28f22e8b96e1ab97ce403110664 -> 
  custom:audio-encoder-webm-vorbis: bf7c407c2cedff20999df2af8eb42d56 -> 
  custom:framework-win-MediaFoundation: 216162199b28c13a410421893ffa2e32 -> 
  custom:container-demuxer-ogg: 62fdf1f143b41e24485cea50d1cbac27 -> 
  custom:video-decoder-webm-vp8: 9c59270c3fd7afecdb556c50c9e8de78 -> 
  custom:audio-decoder-ogg-vorbis: bf7c407c2cedff20999df2af8eb42d56 -> 
========================================================================
Received Import Request.
  Time since last request: 38455.710408 seconds.
  path: Assets/Sketchfab For Unity
  artifactKey: Guid(c959d739f56348548abfb22f39576ccc) Importer(815301076,1909f56bfc062723c751e8b465ee728b)
Start importing Assets/Sketchfab For Unity using Guid(c959d739f56348548abfb22f39576ccc) Importer(815301076,1909f56bfc062723c751e8b465ee728b)  -> (artifact id: 'b32630224a5c5cde81eede8212b2a178') in 0.019075 seconds 
========================================================================
Received Import Request.
  Time since last request: 1.608355 seconds.
  path: Assets/Sketchfab For Unity/Scripts
  artifactKey: Guid(d20e17e3d4a535c469585ae0ee892994) Importer(815301076,1909f56bfc062723c751e8b465ee728b)
Start importing Assets/Sketchfab For Unity/Scripts using Guid(d20e17e3d4a535c469585ae0ee892994) Importer(815301076,1909f56bfc062723c751e8b465ee728b)  -> (artifact id: '8a0203ffcb1f5e1a4ca8f74928d70424') in 0.017825 seconds 
========================================================================
Received Import Request.
  Time since last request: 5.670015 seconds.
  path: Assets/Sketchfab For Unity/Dependencies
  artifactKey: Guid(7f916d39406cafc4db830eac8e85e3cf) Importer(815301076,1909f56bfc062723c751e8b465ee728b)
Start importing Assets/Sketchfab For Unity/Dependencies using Guid(7f916d39406cafc4db830eac8e85e3cf) Importer(815301076,1909f56bfc062723c751e8b465ee728b)  -> (artifact id: '3568fbb3fc9f50a26c57d4302d2dccb7') in 0.015417 seconds 
========================================================================
Received Import Request.
  Time since last request: 4.618607 seconds.
  path: Assets/Sketchfab For Unity/Dependencies/Shaders
  artifactKey: Guid(dc98e996cb96a17498ccf8631f4abecb) Importer(815301076,1909f56bfc062723c751e8b465ee728b)
Start importing Assets/Sketchfab For Unity/Dependencies/Shaders using Guid(dc98e996cb96a17498ccf8631f4abecb) Importer(815301076,1909f56bfc062723c751e8b465ee728b)  -> (artifact id: '1b20ac01a7cd51f2ae3460c034afaab8') in 0.015021 seconds 
========================================================================
Received Import Request.
  Time since last request: 7.052998 seconds.
  path: Assets/Sketchfab For Unity/Dependencies/Resources
  artifactKey: Guid(5d29c106f2a72b143b2736f16928e500) Importer(815301076,1909f56bfc062723c751e8b465ee728b)
Start importing Assets/Sketchfab For Unity/Dependencies/Resources using Guid(5d29c106f2a72b143b2736f16928e500) Importer(815301076,1909f56bfc062723c751e8b465ee728b)  -> (artifact id: '79af01422f00a5b47504d1f11422ccd9') in 0.016379 seconds 
========================================================================
Received Import Request.
  Time since last request: 1.159924 seconds.
  path: Assets/Sketchfab For Unity/Dependencies/Resources/SketchfabHeader.png
  artifactKey: Guid(794827a075b3c584894247aa3cac6bb5) Importer(815301076,1909f56bfc062723c751e8b465ee728b)
Start importing Assets/Sketchfab For Unity/Dependencies/Resources/SketchfabHeader.png using Guid(794827a075b3c584894247aa3cac6bb5) Importer(815301076,1909f56bfc062723c751e8b465ee728b)  -> (artifact id: '41fc54a1f0136447d0100ae3a5071bb8') in 0.092839 seconds 
========================================================================
Received Import Request.
  Time since last request: 5.433017 seconds.
  path: Assets/Scenes
  artifactKey: Guid(0a916c36df1baf941a63d382bca7604e) Importer(815301076,1909f56bfc062723c751e8b465ee728b)
Start importing Assets/Scenes using Guid(0a916c36df1baf941a63d382bca7604e) Importer(815301076,1909f56bfc062723c751e8b465ee728b)  -> (artifact id: 'ccc3f9f2cae1398290e2cbe2d0de65f9') in 0.014892 seconds 
========================================================================
Received Import Request.
  Time since last request: 2.536791 seconds.
  path: Assets/Import
  artifactKey: Guid(9e9d01860fdcfdc4f8824d5ade582e55) Importer(815301076,1909f56bfc062723c751e8b465ee728b)
Start importing Assets/Import using Guid(9e9d01860fdcfdc4f8824d5ade582e55) Importer(815301076,1909f56bfc062723c751e8b465ee728b)  -> (artifact id: '946aaa8c5cdf4af2c84eace5b01f4b65') in 0.018751 seconds 
========================================================================
Received Import Request.
  Time since last request: 0.544016 seconds.
  path: Assets/Import/scene
  artifactKey: Guid(81cad83df40ff2f4b8719b578e45ea69) Importer(815301076,1909f56bfc062723c751e8b465ee728b)
Start importing Assets/Import/scene using Guid(81cad83df40ff2f4b8719b578e45ea69) Importer(815301076,1909f56bfc062723c751e8b465ee728b)  -> (artifact id: 'd8ccd8113751f01f63fe01cfc86fdf6f') in 0.014450 seconds 
========================================================================
Received Import Request.
  Time since last request: 25.049750 seconds.
  path: Assets/Import/scene/scene.prefab
  artifactKey: Guid(b6989ab1855104e499cea62988c82695) Importer(815301076,1909f56bfc062723c751e8b465ee728b)
Start importing Assets/Import/scene/scene.prefab using Guid(b6989ab1855104e499cea62988c82695) Importer(815301076,1909f56bfc062723c751e8b465ee728b)  -> (artifact id: 'de062c5f1d86789b94b27a36323d17f5') in 0.270934 seconds 
========================================================================
Received Import Request.
  Time since last request: 0.053441 seconds.
  path: Assets/Import/scene/textures/T4_B_blinn_metallicRoughness_1.png
  artifactKey: Guid(852994988cff04c419332209678ec851) Importer(815301076,1909f56bfc062723c751e8b465ee728b)
Start importing Assets/Import/scene/textures/T4_B_blinn_metallicRoughness_1.png using Guid(852994988cff04c419332209678ec851) Importer(815301076,1909f56bfc062723c751e8b465ee728b)  -> (artifact id: 'b6e4e86e9e5cc5a5a599b2296a2f7c50') in 0.038425 seconds 
